<?xml version="1.0" encoding="UTF-8"?>
<testng-results ignored="0" total="1" passed="1" failed="0" skipped="0">
  <reporter-output>
  </reporter-output>
  <suite started-at="2023-12-08T13:04:48 IST" name="Default suite" finished-at="2023-12-08T13:05:17 IST" duration-ms="28825">
    <groups>
    </groups>
    <test started-at="2023-12-08T13:04:48 IST" name="Default test" finished-at="2023-12-08T13:05:17 IST" duration-ms="28825">
      <class name="practice.CreateContactTest">
        <test-method signature="m1test()[pri:0, instance:practice.CreateContactTest@49139829]" started-at="2023-12-08T13:04:48 IST" name="m1test" finished-at="2023-12-08T13:05:17 IST" duration-ms="28674" status="PASS">
          <reporter-output>
          </reporter-output>
        </test-method> <!-- m1test -->
      </class> <!-- practice.CreateContactTest -->
    </test> <!-- Default test -->
  </suite> <!-- Default suite -->
</testng-results>
